<?xml version="1.0" encoding="UTF-8"?>
<!-- Generated by org.testng.reporters.JUnitReportReporter -->
<testsuite hostname="User-PC" failures="0" tests="4" name="com.practice.Day3" time="0.010" errors="0" timestamp="2022-04-03T12:58:46 IST" skipped="1">
  <testcase classname="com.practice.Day3" name="webLoginCarLoan" time="0.002"/>
  <system-out/>
  <testcase classname="com.practice.Day3" name="mobileLogoutCarLoan" time="0.006"/>
  <system-out/>
  <testcase classname="com.practice.Day3" name="apiLoginCarLoan" time="0.002"/>
  <system-out/>
  <testcase classname="com.practice.Day3" name="mobileLoginCarLoan">
    <skipped/>
  </testcase> <!-- mobileLoginCarLoan -->
  <system-out/>
</testsuite> <!-- com.practice.Day3 -->
