<?xml version="1.0" encoding="UTF-8"?>
<!-- Generated by org.testng.reporters.JUnitReportReporter -->
<testsuite hostname="User-PC" failures="0" tests="1" name="com.practice.Day1" time="0.011" errors="0" timestamp="2022-04-03T12:50:12 IST" skipped="0">
  <testcase classname="com.practice.Day1" name="demo" time="0.011"/>
  <system-out/>
</testsuite> <!-- com.practice.Day1 -->
