<?xml version="1.0" encoding="UTF-8"?>
<!-- Generated by org.testng.reporters.JUnitReportReporter -->
<testsuite hostname="User-PC" failures="0" tests="3" name="com.practice.Day2" time="0.013" errors="0" timestamp="2022-04-03T13:29:44 IST" skipped="0">
  <testcase classname="com.practice.Day2" name="byeDemo" time="0.002"/>
  <system-out/>
  <testcase classname="com.practice.Day2" name="byeDemo" time="0.002"/>
  <system-out/>
  <testcase classname="com.practice.Day2" name="byeDemo" time="0.009"/>
  <system-out/>
</testsuite> <!-- com.practice.Day2 -->
